{
  "stats": {
    "suites": 1,
    "tests": 1,
    "passes": 1,
    "pending": 0,
    "failures": 0,
    "start": "2022-07-13T22:21:40.767Z",
    "end": "2022-07-13T22:21:47.457Z",
    "duration": 6690,
    "testsRegistered": 1,
    "passPercent": 100,
    "pendingPercent": 0,
    "other": 0,
    "hasOther": false,
    "skipped": 0,
    "hasSkipped": false
  },
  "results": [
    {
      "uuid": "fe111fac-d3eb-422d-a231-eb6df035954b",
      "title": "",
      "fullFile": "cypress/integration/examplesJS/fixtures.cy.js",
      "file": "cypress/integration/examplesJS/fixtures.cy.js",
      "beforeHooks": [],
      "afterHooks": [],
      "tests": [],
      "suites": [
        {
          "uuid": "5d28731e-4f68-4eda-b04d-e6ec1c7f878d",
          "title": "Login with Fixtures Data",
          "fullFile": "",
          "file": "",
          "beforeHooks": [],
          "afterHooks": [],
          "tests": [
            {
              "title": "try to login",
              "fullTitle": "Login with Fixtures Data try to login",
              "timedOut": null,
              "duration": 3299,
              "state": "passed",
              "speed": "fast",
              "pass": true,
              "fail": false,
              "pending": false,
              "context": null,
              "code": "cy.visit('http://zero.webappsecurity.com/login.html');\ncy.fixture('example').then(function (user) {\n  var username = user.username;\n  var password = user.password;\n  cy.get('#user_login').type(username);\n  cy.get('#user_password').type(password);\n  cy.contains('Sign in').click();\n});",
              "err": {},
              "uuid": "80681018-e711-4905-88e8-e40bc598a256",
              "parentUUID": "5d28731e-4f68-4eda-b04d-e6ec1c7f878d",
              "isHook": false,
              "skipped": false
            }
          ],
          "suites": [],
          "passes": [
            "80681018-e711-4905-88e8-e40bc598a256"
          ],
          "failures": [],
          "pending": [],
          "skipped": [],
          "duration": 3299,
          "root": false,
          "rootEmpty": false,
          "_timeout": 2000
        }
      ],
      "passes": [],
      "failures": [],
      "pending": [],
      "skipped": [],
      "duration": 0,
      "root": true,
      "rootEmpty": true,
      "_timeout": 2000
    }
  ],
  "meta": {
    "mocha": {
      "version": "7.0.1"
    },
    "mochawesome": {
      "options": {
        "quiet": false,
        "reportFilename": "mochawesome",
        "saveHtml": true,
        "saveJson": true,
        "useInlineDiffs": false
      },
      "version": "4.0.1"
    },
    "marge": {
      "options": null,
      "version": "4.0.1"
    }
  }
}